{
  "RSpec": {
    "coverage": {
      "/Users/timothybaker/projects/zipline/lib/zip_scheduler.rb": [
        1,
        null,
        1,
        1,
        null,
        1,
        1,
        1,
        1,
        null,
        null,
        1,
        1,
        null,
        null,
        1,
        1,
        null,
        1,
        null,
        1,
        null,
        1,
        1,
        null,
        null,
        null,
        1,
        null,
        1,
        1,
        null,
        1,
        1,
        1,
        null,
        null,
        1,
        0,
        0,
        null,
        null,
        1,
        2,
        2,
        null,
        null,
        1,
        null,
        null,
        null,
        null,
        null,
        null,
        null,
        null,
        null,
        null,
        2,
        null,
        null,
        null,
        1,
        null,
        null,
        1,
        null,
        1,
        2,
        null,
        null,
        1,
        1,
        null,
        null,
        1,
        1,
        null,
        null
      ],
      "/Users/timothybaker/projects/zipline/lib/travel_plan.rb": [
        1,
        null,
        1,
        1,
        1,
        null,
        1,
        1,
        1,
        1,
        1,
        1,
        1,
        1,
        null,
        null,
        1,
        3,
        null,
        null,
        3,
        null,
        null,
        1,
        2,
        null,
        null,
        1,
        1,
        null,
        null,
        1,
        4,
        4,
        null,
        null,
        null,
        1,
        1,
        null,
        1,
        null,
        null,
        1,
        4,
        4,
        4,
        null,
        4,
        7,
        7,
        7,
        null,
        7,
        null,
        7,
        7,
        null,
        null,
        4,
        4,
        4,
        null,
        4,
        null,
        null,
        1,
        11,
        null,
        null
      ],
      "/Users/timothybaker/projects/zipline/lib/dropoff_point.rb": [
        1,
        1,
        null,
        1,
        7,
        7,
        7,
        null,
        null
      ],
      "/Users/timothybaker/projects/zipline/lib/hospital_manager.rb": [
        1,
        1,
        null,
        1,
        1,
        null,
        1,
        1,
        1,
        null,
        null,
        1,
        9,
        null,
        null,
        1,
        null,
        1,
        1,
        null,
        1,
        3,
        null,
        null,
        null,
        null,
        null,
        3,
        null,
        null,
        1,
        null,
        null,
        1,
        3,
        null,
        null
      ],
      "/Users/timothybaker/projects/zipline/lib/hospital.rb": [
        1,
        1,
        null,
        1,
        3,
        3,
        3,
        null,
        null
      ],
      "/Users/timothybaker/projects/zipline/lib/order_manager.rb": [
        1,
        1,
        null,
        1,
        1,
        1,
        null,
        1,
        null,
        1,
        1,
        1,
        null,
        1,
        null,
        null,
        1,
        8,
        null,
        null,
        1,
        6,
        null,
        null,
        1,
        3,
        null,
        null,
        1,
        null,
        null,
        null,
        null,
        null,
        1,
        null,
        null,
        1,
        null,
        1,
        20,
        null,
        null,
        1,
        1,
        null,
        1,
        3,
        null,
        3,
        0,
        null,
        null,
        null,
        null,
        null,
        null,
        null,
        3,
        null,
        null,
        null,
        1,
        null,
        3,
        null,
        3,
        null,
        null,
        null,
        1,
        1,
        3,
        null,
        null
      ],
      "/Users/timothybaker/projects/zipline/lib/order.rb": [
        1,
        1,
        null,
        1,
        4,
        null,
        4,
        4,
        4,
        4,
        4,
        4,
        null,
        null,
        1,
        4,
        null,
        null,
        1,
        12,
        null,
        null,
        1,
        10,
        null,
        null,
        1,
        null,
        1,
        null,
        4,
        null,
        null,
        null
      ],
      "/Users/timothybaker/projects/zipline/lib/zip.rb": [
        1,
        1,
        1,
        null,
        1,
        10,
        10,
        10,
        10,
        null,
        null,
        1,
        1,
        1,
        null,
        null,
        1,
        1,
        null,
        null,
        1,
        3,
        null,
        null,
        1,
        2,
        0,
        null,
        null,
        2,
        2,
        null,
        null
      ],
      "/Users/timothybaker/projects/zipline/lib/zip_fleet.rb": [
        1,
        null,
        1,
        1,
        null,
        1,
        1,
        1,
        null,
        null,
        1,
        1,
        null,
        1,
        null,
        1,
        1,
        null,
        null,
        1,
        null,
        null,
        1,
        null,
        1,
        1,
        10,
        0,
        0,
        null,
        null,
        null,
        null,
        1,
        1,
        10,
        null,
        null,
        null
      ]
    },
    "timestamp": 1555850679
  }
}
