{
  "RSpec": {
    "coverage": {
      "/Users/timothybaker/projects/zipline/lib/zip_scheduler.rb": [
        1,
        null,
        1,
        1,
        null,
        1,
        4,
        4,
        4,
        null,
        null,
        1,
        3,
        null,
        null,
        1,
        1,
        null,
        1,
        null,
        1,
        null,
        1,
        1,
        null,
        null,
        null,
        1,
        null,
        1,
        1,
        null,
        1,
        1,
        1,
        null,
        null,
        1,
        0,
        0,
        null,
        null,
        1,
        2,
        2,
        null,
        null,
        1,
        null,
        null,
        null,
        null,
        null,
        null,
        null,
        null,
        null,
        null,
        2,
        null,
        null,
        null,
        1,
        null,
        null,
        1,
        null,
        1,
        2,
        null,
        null,
        1,
        1,
        null,
        null,
        1,
        1,
        null,
        null
      ],
      "/Users/timothybaker/projects/zipline/lib/travel_plan.rb": [
        1,
        null,
        1,
        1,
        1,
        null,
        1,
        4,
        4,
        4,
        4,
        4,
        4,
        4,
        null,
        null,
        1,
        6,
        null,
        null,
        6,
        null,
        null,
        1,
        5,
        null,
        null,
        1,
        2,
        null,
        null,
        1,
        8,
        8,
        null,
        null,
        null,
        1,
        2,
        null,
        2,
        null,
        null,
        1,
        8,
        8,
        8,
        null,
        8,
        14,
        14,
        14,
        null,
        14,
        null,
        14,
        14,
        null,
        null,
        8,
        8,
        8,
        null,
        8,
        null,
        null,
        1,
        22,
        null,
        null
      ],
      "/Users/timothybaker/projects/zipline/lib/dropoff_point.rb": [
        1,
        1,
        null,
        1,
        14,
        14,
        14,
        null,
        null
      ],
      "/Users/timothybaker/projects/zipline/lib/hospital_manager.rb": [
        1,
        1,
        null,
        1,
        1,
        null,
        1,
        16,
        16,
        null,
        null,
        1,
        110,
        null,
        null,
        1,
        null,
        1,
        16,
        null,
        16,
        48,
        null,
        null,
        null,
        null,
        null,
        47,
        null,
        null,
        15,
        null,
        null,
        1,
        48,
        null,
        null
      ],
      "/Users/timothybaker/projects/zipline/lib/hospital.rb": [
        1,
        1,
        null,
        1,
        47,
        47,
        47,
        null,
        null
      ],
      "/Users/timothybaker/projects/zipline/lib/order_manager.rb": [
        1,
        1,
        null,
        1,
        1,
        1,
        null,
        1,
        12,
        12,
        null,
        12,
        null,
        null,
        1,
        11,
        null,
        null,
        1,
        27,
        null,
        null,
        1,
        8,
        null,
        null,
        1,
        null,
        null,
        null,
        null,
        null,
        4,
        null,
        null,
        1,
        null,
        1,
        50,
        null,
        null,
        1,
        12,
        null,
        12,
        35,
        null,
        35,
        1,
        null,
        null,
        null,
        null,
        null,
        null,
        null,
        34,
        null,
        null,
        null,
        1,
        null,
        35,
        null,
        35,
        null,
        null,
        null,
        1,
        1,
        35,
        null,
        null
      ],
      "/Users/timothybaker/projects/zipline/lib/order.rb": [
        1,
        1,
        null,
        1,
        38,
        null,
        37,
        37,
        37,
        37,
        37,
        37,
        null,
        null,
        1,
        9,
        null,
        null,
        1,
        31,
        null,
        null,
        1,
        27,
        null,
        null,
        1,
        null,
        1,
        null,
        38,
        null,
        null,
        null
      ],
      "/Users/timothybaker/projects/zipline/lib/zip.rb": [
        1,
        1,
        1,
        null,
        1,
        43,
        43,
        43,
        43,
        null,
        null,
        1,
        2,
        2,
        null,
        null,
        1,
        1,
        null,
        null,
        1,
        3,
        null,
        null,
        1,
        5,
        0,
        null,
        null,
        5,
        5,
        null,
        null
      ],
      "/Users/timothybaker/projects/zipline/lib/zip_fleet.rb": [
        1,
        null,
        1,
        1,
        null,
        1,
        4,
        4,
        null,
        null,
        1,
        1,
        null,
        1,
        null,
        1,
        1,
        null,
        null,
        1,
        null,
        null,
        1,
        null,
        1,
        1,
        10,
        0,
        0,
        null,
        null,
        null,
        null,
        1,
        4,
        40,
        null,
        null,
        null
      ],
      "/Users/timothybaker/projects/zipline/spec/order_manager_spec.rb": [
        1,
        null,
        1,
        1,
        1,
        1,
        null,
        1,
        null,
        null,
        null,
        1,
        1,
        null,
        1,
        1,
        null,
        null,
        null,
        null,
        1,
        1,
        1,
        1,
        null,
        1,
        null,
        null,
        null,
        null,
        1,
        1,
        1,
        1,
        null,
        1,
        null,
        null,
        null,
        null,
        1,
        1,
        1,
        1,
        null,
        1,
        null,
        1,
        null,
        null,
        null,
        null,
        1,
        1,
        1,
        1,
        1,
        null,
        1,
        null,
        1,
        null,
        null,
        null
      ],
      "/Users/timothybaker/projects/zipline/spec/travel_plan_spec.rb": [
        1,
        null,
        1,
        1,
        1,
        1,
        null,
        1,
        1,
        1,
        1,
        1,
        1,
        null,
        null,
        null,
        null,
        1,
        1,
        1,
        1,
        1,
        1,
        1,
        1,
        1,
        1,
        null,
        1,
        1,
        null,
        1,
        1,
        null,
        null,
        null,
        1,
        1,
        1,
        1,
        1,
        1,
        1,
        1,
        1,
        null,
        1,
        1,
        null,
        1,
        null,
        1,
        1,
        1,
        null,
        null,
        null
      ],
      "/Users/timothybaker/projects/zipline/spec/zip_scheduler_spec.rb": [
        1,
        null,
        1,
        1,
        1,
        1,
        1,
        null,
        1,
        null,
        null,
        null,
        null,
        1,
        1,
        1,
        null,
        null,
        null,
        1,
        1,
        1,
        1,
        1,
        1,
        null,
        1,
        null,
        null,
        null,
        null,
        1,
        1,
        null,
        null,
        null,
        null,
        1,
        1,
        1,
        1,
        1,
        null,
        1,
        null,
        null,
        null,
        null,
        1,
        null,
        1,
        null,
        1,
        null,
        null,
        null,
        1,
        1,
        1,
        1,
        1,
        1,
        null,
        1,
        null,
        null,
        null,
        null,
        1,
        null,
        1,
        null,
        1,
        1,
        1,
        null,
        null
      ]
    },
    "timestamp": 1555848872
  }
}
